<?xml version="1.0" encoding="UTF-8"?>
<testsuite xmlns:xsi="http://www.w3.org/2001/XMLSchema-instance" xsi:noNamespaceSchemaLocation="https://maven.apache.org/surefire/maven-surefire-plugin/xsd/surefire-test-report.xsd" version="3.0.1" name="com.happydave1.library.MainTest" time="0.157" tests="3" errors="0" skipped="0" failures="0">
  <properties>
[...]
</properties>
  <testcase name="checkJsonFileCreation" classname="com.happydave1.library.MainTest" time="0.101"/>
  <testcase name="checkFileEquality" classname="com.happydave1.library.MainTest" time="0.003"/>
  <testcase name="checkJsonCreation" classname="com.happydave1.library.MainTest" time="0.001"/>
</testsuite>